{
"/Users/philkunz/github/pushrocks/smartfile/index.js":{"path":"/Users/philkunz/github/pushrocks/smartfile/index.js","s":{"1":1,"2":1,"3":1,"4":1,"5":1,"6":1,"7":1,"8":1,"9":2,"10":2,"11":2,"12":1,"13":1,"14":2,"15":3,"16":3,"17":3,"18":3,"19":1,"20":1,"21":1,"22":1,"23":1,"24":1,"25":1,"26":1,"27":1,"28":2,"29":2,"30":2,"31":2,"32":2,"33":0,"34":2,"35":2,"36":1,"37":1,"38":0,"39":0,"40":1,"41":0,"42":1,"43":1,"44":1,"45":1,"46":1,"47":1,"48":1,"49":1,"50":1,"51":1,"52":1,"53":1,"54":1,"55":1,"56":0,"57":1,"58":1,"59":1,"60":1,"61":1,"62":1,"63":1,"64":1,"65":1},"b":{"1":[1,1],"2":[1,2],"3":[1,1],"4":[2,0],"5":[2,0],"6":[0,1,1],"7":[1,1],"8":[1,0],"9":[1,1],"10":[1,1]},"f":{"1":1,"2":1,"3":1,"4":2,"5":3,"6":3,"7":1,"8":1,"9":1,"10":2,"11":1,"12":1,"13":1,"14":1,"15":1,"16":0,"17":1},"fnMap":{"1":{"name":"(anonymous_1)","line":5,"loc":{"start":{"line":5,"column":1},"end":{"line":5,"column":29}}},"2":{"name":"(anonymous_2)","line":6,"loc":{"start":{"line":6,"column":28},"end":{"line":6,"column":40}}},"3":{"name":"(anonymous_3)","line":22,"loc":{"start":{"line":22,"column":1},"end":{"line":22,"column":27}}},"4":{"name":"(anonymous_4)","line":24,"loc":{"start":{"line":24,"column":24},"end":{"line":24,"column":44}}},"5":{"name":"(anonymous_5)","line":35,"loc":{"start":{"line":35,"column":20},"end":{"line":35,"column":40}}},"6":{"name":"(anonymous_6)","line":37,"loc":{"start":{"line":37,"column":57},"end":{"line":37,"column":72}}},"7":{"name":"(anonymous_7)","line":43,"loc":{"start":{"line":43,"column":26},"end":{"line":43,"column":47}}},"8":{"name":"(anonymous_8)","line":49,"loc":{"start":{"line":49,"column":1},"end":{"line":49,"column":28}}},"9":{"name":"(anonymous_9)","line":55,"loc":{"start":{"line":55,"column":27},"end":{"line":55,"column":47}}},"10":{"name":"(anonymous_10)","line":60,"loc":{"start":{"line":60,"column":27},"end":{"line":60,"column":60}}},"11":{"name":"(anonymous_11)","line":85,"loc":{"start":{"line":85,"column":27},"end":{"line":85,"column":48}}},"12":{"name":"(anonymous_12)","line":92,"loc":{"start":{"line":92,"column":1},"end":{"line":92,"column":27}}},"13":{"name":"(anonymous_13)","line":93,"loc":{"start":{"line":93,"column":26},"end":{"line":93,"column":58}}},"14":{"name":"(anonymous_14)","line":97,"loc":{"start":{"line":97,"column":26},"end":{"line":97,"column":47}}},"15":{"name":"(anonymous_15)","line":103,"loc":{"start":{"line":103,"column":1},"end":{"line":103,"column":29}}},"16":{"name":"(anonymous_16)","line":104,"loc":{"start":{"line":104,"column":24},"end":{"line":104,"column":40}}},"17":{"name":"(anonymous_17)","line":107,"loc":{"start":{"line":107,"column":28},"end":{"line":107,"column":49}}}},"statementMap":{"1":{"start":{"line":4,"column":0},"end":{"line":4,"column":21}},"2":{"start":{"line":5,"column":0},"end":{"line":19,"column":48}},"3":{"start":{"line":6,"column":4},"end":{"line":18,"column":6}},"4":{"start":{"line":7,"column":8},"end":{"line":16,"column":10}},"5":{"start":{"line":17,"column":8},"end":{"line":17,"column":23}},"6":{"start":{"line":21,"column":0},"end":{"line":21,"column":19}},"7":{"start":{"line":22,"column":0},"end":{"line":46,"column":44}},"8":{"start":{"line":23,"column":4},"end":{"line":42,"column":6}},"9":{"start":{"line":25,"column":12},"end":{"line":25,"column":39}},"10":{"start":{"line":26,"column":12},"end":{"line":32,"column":13}},"11":{"start":{"line":27,"column":16},"end":{"line":27,"column":50}},"12":{"start":{"line":28,"column":16},"end":{"line":28,"column":38}},"13":{"start":{"line":31,"column":16},"end":{"line":31,"column":39}},"14":{"start":{"line":33,"column":12},"end":{"line":33,"column":34}},"15":{"start":{"line":36,"column":12},"end":{"line":36,"column":41}},"16":{"start":{"line":37,"column":12},"end":{"line":39,"column":15}},"17":{"start":{"line":38,"column":16},"end":{"line":38,"column":53}},"18":{"start":{"line":40,"column":12},"end":{"line":40,"column":32}},"19":{"start":{"line":43,"column":4},"end":{"line":45,"column":6}},"20":{"start":{"line":44,"column":8},"end":{"line":44,"column":34}},"21":{"start":{"line":48,"column":0},"end":{"line":48,"column":20}},"22":{"start":{"line":49,"column":0},"end":{"line":89,"column":46}},"23":{"start":{"line":55,"column":4},"end":{"line":59,"column":6}},"24":{"start":{"line":56,"column":8},"end":{"line":56,"column":23}},"25":{"start":{"line":57,"column":8},"end":{"line":57,"column":63}},"26":{"start":{"line":58,"column":8},"end":{"line":58,"column":26}},"27":{"start":{"line":60,"column":4},"end":{"line":84,"column":6}},"28":{"start":{"line":61,"column":8},"end":{"line":61,"column":66}},"29":{"start":{"line":61,"column":38},"end":{"line":61,"column":64}},"30":{"start":{"line":62,"column":8},"end":{"line":62,"column":21}},"31":{"start":{"line":63,"column":8},"end":{"line":68,"column":9}},"32":{"start":{"line":64,"column":12},"end":{"line":64,"column":54}},"33":{"start":{"line":67,"column":12},"end":{"line":67,"column":35}},"34":{"start":{"line":69,"column":8},"end":{"line":69,"column":56}},"35":{"start":{"line":70,"column":8},"end":{"line":83,"column":9}},"36":{"start":{"line":73,"column":16},"end":{"line":78,"column":17}},"37":{"start":{"line":74,"column":20},"end":{"line":74,"column":92}},"38":{"start":{"line":77,"column":20},"end":{"line":77,"column":103}},"39":{"start":{"line":79,"column":16},"end":{"line":79,"column":22}},"40":{"start":{"line":81,"column":16},"end":{"line":81,"column":61}},"41":{"start":{"line":82,"column":16},"end":{"line":82,"column":22}},"42":{"start":{"line":85,"column":4},"end":{"line":88,"column":6}},"43":{"start":{"line":86,"column":8},"end":{"line":86,"column":54}},"44":{"start":{"line":87,"column":8},"end":{"line":87,"column":54}},"45":{"start":{"line":91,"column":0},"end":{"line":91,"column":19}},"46":{"start":{"line":92,"column":0},"end":{"line":100,"column":44}},"47":{"start":{"line":93,"column":4},"end":{"line":96,"column":6}},"48":{"start":{"line":94,"column":8},"end":{"line":94,"column":49}},"49":{"start":{"line":94,"column":34},"end":{"line":94,"column":47}},"50":{"start":{"line":95,"column":8},"end":{"line":95,"column":64}},"51":{"start":{"line":97,"column":4},"end":{"line":99,"column":6}},"52":{"start":{"line":98,"column":8},"end":{"line":98,"column":52}},"53":{"start":{"line":102,"column":0},"end":{"line":102,"column":21}},"54":{"start":{"line":103,"column":0},"end":{"line":110,"column":48}},"55":{"start":{"line":104,"column":4},"end":{"line":106,"column":6}},"56":{"start":{"line":105,"column":8},"end":{"line":105,"column":43}},"57":{"start":{"line":107,"column":4},"end":{"line":109,"column":6}},"58":{"start":{"line":108,"column":8},"end":{"line":108,"column":48}},"59":{"start":{"line":117,"column":0},"end":{"line":117,"column":38}},"60":{"start":{"line":118,"column":0},"end":{"line":118,"column":19}},"61":{"start":{"line":119,"column":0},"end":{"line":119,"column":31}},"62":{"start":{"line":120,"column":0},"end":{"line":120,"column":32}},"63":{"start":{"line":121,"column":0},"end":{"line":121,"column":31}},"64":{"start":{"line":122,"column":0},"end":{"line":122,"column":33}},"65":{"start":{"line":123,"column":0},"end":{"line":123,"column":27}}},"branchMap":{"1":{"line":19,"type":"binary-expr","locations":[{"start":{"line":19,"column":3},"end":{"line":19,"column":19}},{"start":{"line":19,"column":24},"end":{"line":19,"column":45}}]},"2":{"line":38,"type":"cond-expr","locations":[{"start":{"line":38,"column":22},"end":{"line":38,"column":35}},{"start":{"line":38,"column":38},"end":{"line":38,"column":52}}]},"3":{"line":46,"type":"binary-expr","locations":[{"start":{"line":46,"column":3},"end":{"line":46,"column":17}},{"start":{"line":46,"column":22},"end":{"line":46,"column":41}}]},"4":{"line":61,"type":"if","locations":[{"start":{"line":61,"column":8},"end":{"line":61,"column":8}},{"start":{"line":61,"column":8},"end":{"line":61,"column":8}}]},"5":{"line":63,"type":"if","locations":[{"start":{"line":63,"column":8},"end":{"line":63,"column":8}},{"start":{"line":63,"column":8},"end":{"line":63,"column":8}}]},"6":{"line":70,"type":"switch","locations":[{"start":{"line":71,"column":12},"end":{"line":71,"column":23}},{"start":{"line":72,"column":12},"end":{"line":79,"column":22}},{"start":{"line":80,"column":12},"end":{"line":82,"column":22}}]},"7":{"line":89,"type":"binary-expr","locations":[{"start":{"line":89,"column":3},"end":{"line":89,"column":18}},{"start":{"line":89,"column":23},"end":{"line":89,"column":43}}]},"8":{"line":94,"type":"if","locations":[{"start":{"line":94,"column":8},"end":{"line":94,"column":8}},{"start":{"line":94,"column":8},"end":{"line":94,"column":8}}]},"9":{"line":100,"type":"binary-expr","locations":[{"start":{"line":100,"column":3},"end":{"line":100,"column":17}},{"start":{"line":100,"column":22},"end":{"line":100,"column":41}}]},"10":{"line":110,"type":"binary-expr","locations":[{"start":{"line":110,"column":3},"end":{"line":110,"column":19}},{"start":{"line":110,"column":24},"end":{"line":110,"column":45}}]}},"l":{"4":1,"5":1,"6":1,"7":1,"17":1,"21":1,"22":1,"23":1,"25":2,"26":2,"27":2,"28":1,"31":1,"33":2,"36":3,"37":3,"38":3,"40":3,"43":1,"44":1,"48":1,"49":1,"55":1,"56":1,"57":1,"58":1,"60":1,"61":2,"62":2,"63":2,"64":2,"67":0,"69":2,"70":2,"73":1,"74":1,"77":0,"79":0,"81":1,"82":0,"85":1,"86":1,"87":1,"91":1,"92":1,"93":1,"94":1,"95":1,"97":1,"98":1,"102":1,"103":1,"104":1,"105":0,"107":1,"108":1,"117":1,"118":1,"119":1,"120":1,"121":1,"122":1,"123":1}}}
