TN:
SF:/Users/philkunz/github/pushrocks/smartfile/index.js
FN:5,(anonymous_1)
FN:6,(anonymous_2)
FN:22,(anonymous_3)
FN:24,(anonymous_4)
FN:35,(anonymous_5)
FN:37,(anonymous_6)
FN:43,(anonymous_7)
FN:49,(anonymous_8)
FN:55,(anonymous_9)
FN:60,(anonymous_10)
FN:85,(anonymous_11)
FN:92,(anonymous_12)
FN:93,(anonymous_13)
FN:97,(anonymous_14)
FN:103,(anonymous_15)
FN:104,(anonymous_16)
FN:107,(anonymous_17)
FNF:17
FNH:16
FNDA:1,(anonymous_1)
FNDA:1,(anonymous_2)
FNDA:1,(anonymous_3)
FNDA:2,(anonymous_4)
FNDA:3,(anonymous_5)
FNDA:3,(anonymous_6)
FNDA:1,(anonymous_7)
FNDA:1,(anonymous_8)
FNDA:1,(anonymous_9)
FNDA:2,(anonymous_10)
FNDA:1,(anonymous_11)
FNDA:1,(anonymous_12)
FNDA:1,(anonymous_13)
FNDA:1,(anonymous_14)
FNDA:1,(anonymous_15)
FNDA:0,(anonymous_16)
FNDA:1,(anonymous_17)
DA:4,1
DA:5,1
DA:6,1
DA:7,1
DA:17,1
DA:21,1
DA:22,1
DA:23,1
DA:25,2
DA:26,2
DA:27,2
DA:28,1
DA:31,1
DA:33,2
DA:36,3
DA:37,3
DA:38,3
DA:40,3
DA:43,1
DA:44,1
DA:48,1
DA:49,1
DA:55,1
DA:56,1
DA:57,1
DA:58,1
DA:60,1
DA:61,2
DA:62,2
DA:63,2
DA:64,2
DA:67,0
DA:69,2
DA:70,2
DA:73,1
DA:74,1
DA:77,0
DA:79,0
DA:81,1
DA:82,0
DA:85,1
DA:86,1
DA:87,1
DA:91,1
DA:92,1
DA:93,1
DA:94,1
DA:95,1
DA:97,1
DA:98,1
DA:102,1
DA:103,1
DA:104,1
DA:105,0
DA:107,1
DA:108,1
DA:117,1
DA:118,1
DA:119,1
DA:120,1
DA:121,1
DA:122,1
DA:123,1
LF:63
LH:58
BRDA:19,1,0,1
BRDA:19,1,1,1
BRDA:38,2,0,1
BRDA:38,2,1,2
BRDA:46,3,0,1
BRDA:46,3,1,1
BRDA:61,4,0,2
BRDA:61,4,1,0
BRDA:63,5,0,2
BRDA:63,5,1,0
BRDA:70,6,0,0
BRDA:70,6,1,1
BRDA:70,6,2,1
BRDA:89,7,0,1
BRDA:89,7,1,1
BRDA:94,8,0,1
BRDA:94,8,1,0
BRDA:100,9,0,1
BRDA:100,9,1,1
BRDA:110,10,0,1
BRDA:110,10,1,1
BRF:21
BRH:17
end_of_record
